44.6859 	INFO 	Median frames per second =100.0, which is close enough to desired val of 100.0
44.6859 	INFO 	longFrameLimit=12.7 Recording trials where one or more interframe interval exceeded this figure 
44.6861 	INFO 	computer platform=win32
44.6862 	INFO 	File that generated this = sys.argv[0]= C:\Users\HolcombeLab\Documents\MOTcircularClean-main\MOTcircular.py
44.6862 	INFO 	has_retina_scrn=False
44.6862 	INFO 	trialsPerCondition =3
44.6862 	INFO 	random number seed =1736902924
44.9941 	INFO 	Screen resolution, which is also being used for calculations, is 800 by 600
48.6076 	INFO 	second window opening runInfo mean ms=10.012593183477046
48.6077 	INFO 	#[ PsychoPy3 RuntimeInfoStart ]
  #[[ PsychoPy ]] #---------
    psychopyVersion: 2023.2.3
    psychopyHaveExtRush: True
  #[[ Experiment ]] #---------
    experimentAuthVersion: None
    experimentAuthor: None
    experimentRunTime: 2025_01_15 12:02 (Year_Month_Day Hour:Min)
    experimentRunTime.epoch: 1736902966
    experimentScript: MOTcircular.py
    experimentScript.digestSHA1: 9004cbe704f213499c83292c6860efaf24b13a80
    experimentScript.directory: C:\Users\HolcombeLab\Documents\MOTcircularClean-main
  #[[ System ]] #---------
    systemHaveInternetAccess: False (proxies not attempted)
    systemHostName: WDYK4NW1
    systemLocale: English_Australia.1252
    systemMemFreeRAM: 12613.42578125
    systemMemTotalRAM: 16338.5546875
    systemPlatform: windowsversion=sys.getwindowsversion(major=10, minor=0, build=19045, platform=2, service_pack='')
    systemRebooted: System Boot Time:          11/06/2024, 3:09:20 PM
    systemSec.pythonSSL: True
    systemTimeNumpySD1000000_sec: 0.0059
    systemUser: HolcombeLab
    systemUserID: 1000
    systemUserProcCmdPid: securityhealthservice.exe smss.exe cafservicemain.exe dwm.exe fodhelper.exe atiesrxx.exe onedrive.exe rtdcpl64.exe svchost.exe fontdrvhost.exe sisipsutil.exe trustedinstaller.exe searchindexer.exe lsass.exe mathworksservicehost-monitor.exe textinputhost.exe explorer.exe ctfmon.exe systemsettings.exe shellexperiencehost.exe mousocoreworker.exe msedge.exe lms.exe winlogon.exe csrss.exe sihost.exe wmiprvse.exe startmenuexperiencehost.exe dllhost.exe audiodg.exe useroobebroker.exe mathworksservicehost.exe securityhealthsystray.exe wininit.exe applicationframehost.exe pythonw.exe sepwscsvc64.exe tiworker.exe uhssvc.exe unsecapp.exe system registry services.exe sgrmbroker.exe privacyiconclient.exe aggregatorhost.exe spoolsv.exe runtimebroker.exe ccsvchst.exe logonexpertservice.exe taskhostw.exe logonexperthelper.exe searchprotocolhost.exe atieclxx.exe 'system idle process' memcompression sisidsservice.exe searchapp.exe jhi_service.exe armsvc.exe microsoftedgeupdate.exe sisipsservice.exe
    systemUserProcCount: 151
    systemUserProcFlagged: explorer.exe
    systemUsersCount: False
  #[[ Window ]] #---------
    windowWinType: pyglet
    windowWaitBlanking: False
    windowUseNativeGamma: True
    windowUnits: deg
    windowSize_pix: [800 600]
    windowScreen: 0
    windowRgb: [-1 -1 -1]
    windowRefreshTimeSD_ms: 0.165
    windowRefreshTimeMedian_ms: 10.006
    windowRefreshTimeAvg_ms: 10.013
    windowRefreshThreshold_sec: 0.0120
    windowRecordFrameIntervals: False
    windowPos_pix: (0, 0)
    windowMonitor.name: testMonitor
    windowMonitor.getWidth_cm: 38.0
    windowMonitor.getLinearizeMethod: 1
    windowMonitor.getGammaGrid: [[ 0.  1.  1. nan nan nan]
 [ 0.  1.  1. nan nan nan]
 [ 0.  1.  1. nan nan nan]
 [ 0.  1.  1. nan nan nan]]
    windowMonitor.getDistance_cm: 50.0
    windowMonitor.gammaInterpolator2: None
    windowMonitor.gammaInterpolator: None
    windowMonitor.currentCalibName: 2024_03_25 11:05
    windowIsFullScr: 1
    windowHaveShaders: True
    windowAllowGUI: False
  #[[ Python ]] #---------
    pythonWxVersion: 4.1.1 msw (phoenix) wxWidgets 3.1.5
    pythonVersion: 3.8.10
    pythonScipyVersion: 1.10.1
    pythonPygletVersion: 1.4.11
    pythonPygameVersion: 2.1.0
    pythonNumpyVersion: 1.24.4
    pythonMatplotlibVersion: 3.4.3
    pythonFullVersion: 3.8.10 (tags/v3.8.10:3d8993a, May  3 2021, 11:48:03) [MSC v.1928 64 bit (AMD64)]
    pythonExecutable: C:\Program Files\PsychoPy\pythonw.exe
  #[[ OpenGL ]] #---------
    openGLmaxVerticesInVertexArray: 536870911
    False: openGLext.GL_STEREO
    True: openGLext.GL_EXT_framebuffer_object
    True: openGLext.GL_ARB_vertex_shader
    True: openGLext.GL_ARB_texture_non_power_of_two
    True: openGLext.GL_ARB_texture_float
    True: openGLext.GL_ARB_shader_objects
    True: openGLext.GL_ARB_multitexture
    True: openGLext.GL_ARB_fragment_program
    openGLVersion: 4.6.13596 Compatibility Profile Context 20.10.35.02 27.20.1034.6
    openGLVendor: ATI Technologies Inc.
    openGLRenderingEngine: AMD Radeon (TM) R9 M360
#[ PsychoPy3 RuntimeInfoEnd ]

48.6084 	INFO 	gammaGrid=[[ 0.  1.  1. nan nan nan]
 [ 0.  1.  1. nan nan nan]
 [ 0.  1.  1. nan nan nan]
 [ 0.  1.  1. nan nan nan]]
48.6085 	INFO 	linearizeMethod=1
49.4843 	EXP 	Created sequence: random, trialTypes=40, nReps=3, seed=None
49.4861 	INFO 	starting exp with name: "TemporalFrequencyLimit" at 15Jan2025_12-02
49.4861 	INFO 	numtrials=120, trialDurMin= 2 trackVariableIntervMax= 2.5refreshRate=100.0
49.4861 	INFO 	cueRampUpDur=0 cueRampDownDur= 0 secs
49.4861 	INFO 	task=track   respType=order
49.4863 	INFO 	ring radii=[ 2.5  7.  15. ]
49.4863 	INFO 	drawingAsGrating=True gratingTexPix=1024 antialiasGrating=False
49.4903 	EXP 	New trial (rep=0, index=0): {'basicShape': 'circle', 'numObjectsInRing': 8, 'speed': 'staircase', 'initialDirRing0': 1, 'numTargets': 2, 'whichIsTargetEachRing': array([-999., -999., -999.]), 'ringToQuery': 999}
