26.6473 	INFO 	Median frames per second =100.0, which is close enough to desired val of 100.0
26.6473 	INFO 	longFrameLimit=12.7 Recording trials where one or more interframe interval exceeded this figure 
26.6474 	INFO 	computer platform=win32
26.6474 	INFO 	File that generated this = sys.argv[0]= C:\Users\HolcombeLab\Documents\MOTcircularClean-main\MOTcircular.py
26.6474 	INFO 	has_retina_scrn=False
26.6474 	INFO 	trialsPerCondition =3
26.6474 	INFO 	random number seed =1736902844
26.9661 	INFO 	Screen resolution, which is also being used for calculations, is 800 by 600
30.5784 	INFO 	second window opening runInfo mean ms=10.01448645177534
30.5784 	INFO 	#[ PsychoPy3 RuntimeInfoStart ]
  #[[ PsychoPy ]] #---------
    psychopyVersion: 2023.2.3
    psychopyHaveExtRush: True
  #[[ Experiment ]] #---------
    experimentAuthVersion: None
    experimentAuthor: None
    experimentRunTime: 2025_01_15 12:01 (Year_Month_Day Hour:Min)
    experimentRunTime.epoch: 1736902868
    experimentScript: MOTcircular.py
    experimentScript.digestSHA1: 9004cbe704f213499c83292c6860efaf24b13a80
    experimentScript.directory: C:\Users\HolcombeLab\Documents\MOTcircularClean-main
  #[[ System ]] #---------
    systemHaveInternetAccess: False (proxies not attempted)
    systemHostName: WDYK4NW1
    systemLocale: English_Australia.1252
    systemMemFreeRAM: 12595.2265625
    systemMemTotalRAM: 16338.5546875
    systemPlatform: windowsversion=sys.getwindowsversion(major=10, minor=0, build=19045, platform=2, service_pack='')
    systemRebooted: System Boot Time:          11/06/2024, 3:09:20 PM
    systemSec.pythonSSL: True
    systemTimeNumpySD1000000_sec: 0.0053
    systemUser: HolcombeLab
    systemUserID: 1000
    systemUserProcCmdPid: wininit.exe aggregatorhost.exe winlogon.exe updater.exe logonexperthelper.exe sgrmbroker.exe dwm.exe trustedinstaller.exe smss.exe 'system idle process' jhi_service.exe sepwscsvc64.exe microsoftedgeupdate.exe explorer.exe memcompression privacyiconclient.exe searchindexer.exe wmiprvse.exe taskhostw.exe armsvc.exe spoolsv.exe fodhelper.exe pythonw.exe mathworksservicehost.exe shellexperiencehost.exe sihost.exe lsass.exe mathworksservicehost-monitor.exe msedge.exe systemsettings.exe registry textinputhost.exe runtimebroker.exe mousocoreworker.exe applicationframehost.exe cafservicemain.exe logonexpertservice.exe searchapp.exe ctfmon.exe services.exe audiodg.exe dllhost.exe lms.exe system startmenuexperiencehost.exe uhssvc.exe csrss.exe unsecapp.exe atiesrxx.exe rtdcpl64.exe searchprotocolhost.exe svchost.exe atieclxx.exe onedrive.exe useroobebroker.exe tiworker.exe searchfilterhost.exe sisipsservice.exe fontdrvhost.exe sisidsservice.exe securityhealthservice.exe ccsvchst.exe sisipsutil.exe securityhealthsystray.exe
    systemUserProcCount: 159
    systemUserProcFlagged: explorer.exe
    systemUsersCount: False
  #[[ Window ]] #---------
    windowWinType: pyglet
    windowWaitBlanking: False
    windowUseNativeGamma: True
    windowUnits: deg
    windowSize_pix: [800 600]
    windowScreen: 0
    windowRgb: [-1 -1 -1]
    windowRefreshTimeSD_ms: 0.146
    windowRefreshTimeMedian_ms: 10.009
    windowRefreshTimeAvg_ms: 10.014
    windowRefreshThreshold_sec: 0.0121
    windowRecordFrameIntervals: False
    windowPos_pix: (0, 0)
    windowMonitor.name: testMonitor
    windowMonitor.getWidth_cm: 38.0
    windowMonitor.getLinearizeMethod: 1
    windowMonitor.getGammaGrid: [[ 0.  1.  1. nan nan nan]
 [ 0.  1.  1. nan nan nan]
 [ 0.  1.  1. nan nan nan]
 [ 0.  1.  1. nan nan nan]]
    windowMonitor.getDistance_cm: 50.0
    windowMonitor.gammaInterpolator2: None
    windowMonitor.gammaInterpolator: None
    windowMonitor.currentCalibName: 2024_03_25 11:05
    windowIsFullScr: 1
    windowHaveShaders: True
    windowAllowGUI: False
  #[[ Python ]] #---------
    pythonWxVersion: 4.1.1 msw (phoenix) wxWidgets 3.1.5
    pythonVersion: 3.8.10
    pythonScipyVersion: 1.10.1
    pythonPygletVersion: 1.4.11
    pythonPygameVersion: 2.1.0
    pythonNumpyVersion: 1.24.4
    pythonMatplotlibVersion: 3.4.3
    pythonFullVersion: 3.8.10 (tags/v3.8.10:3d8993a, May  3 2021, 11:48:03) [MSC v.1928 64 bit (AMD64)]
    pythonExecutable: C:\Program Files\PsychoPy\pythonw.exe
  #[[ OpenGL ]] #---------
    openGLmaxVerticesInVertexArray: 536870911
    False: openGLext.GL_STEREO
    True: openGLext.GL_EXT_framebuffer_object
    True: openGLext.GL_ARB_vertex_shader
    True: openGLext.GL_ARB_texture_non_power_of_two
    True: openGLext.GL_ARB_texture_float
    True: openGLext.GL_ARB_shader_objects
    True: openGLext.GL_ARB_multitexture
    True: openGLext.GL_ARB_fragment_program
    openGLVersion: 4.6.13596 Compatibility Profile Context 20.10.35.02 27.20.1034.6
    openGLVendor: ATI Technologies Inc.
    openGLRenderingEngine: AMD Radeon (TM) R9 M360
#[ PsychoPy3 RuntimeInfoEnd ]

30.5792 	INFO 	gammaGrid=[[ 0.  1.  1. nan nan nan]
 [ 0.  1.  1. nan nan nan]
 [ 0.  1.  1. nan nan nan]
 [ 0.  1.  1. nan nan nan]]
30.5792 	INFO 	linearizeMethod=1
31.4467 	EXP 	Created sequence: random, trialTypes=40, nReps=3, seed=None
31.4486 	INFO 	starting exp with name: "TemporalFrequencyLimit" at 15Jan2025_12-01
31.4486 	INFO 	numtrials=120, trialDurMin= 2 trackVariableIntervMax= 2.5refreshRate=100.0
31.4486 	INFO 	cueRampUpDur=0 cueRampDownDur= 0 secs
31.4486 	INFO 	task=track   respType=order
31.4489 	INFO 	ring radii=[ 2.5  7.  15. ]
31.4489 	INFO 	drawingAsGrating=True gratingTexPix=1024 antialiasGrating=False
31.4513 	EXP 	New trial (rep=0, index=0): {'basicShape': 'circle', 'numObjectsInRing': 8, 'speed': 'staircase', 'initialDirRing0': 1, 'numTargets': 3, 'whichIsTargetEachRing': array([-999., -999., -999.]), 'ringToQuery': 999}
