19.6004 	INFO 	Median frames per second =99.9, which is close enough to desired val of 100.0
19.6004 	INFO 	longFrameLimit=12.7 Recording trials where one or more interframe interval exceeded this figure 
19.6004 	INFO 	computer platform=win32
19.6005 	INFO 	File that generated this = sys.argv[0]= C:\Users\HolcombeLab\Documents\MOTcircularClean-main\MOTcircular.py
19.6005 	INFO 	has_retina_scrn=False
19.6005 	INFO 	trialsPerCondition =3
19.6005 	INFO 	random number seed =1736902988
19.9138 	INFO 	Screen resolution, which is also being used for calculations, is 800 by 600
23.4874 	INFO 	second window opening runInfo mean ms=10.012038999189764
23.4874 	INFO 	#[ PsychoPy3 RuntimeInfoStart ]
  #[[ PsychoPy ]] #---------
    psychopyVersion: 2023.2.3
    psychopyHaveExtRush: True
  #[[ Experiment ]] #---------
    experimentAuthVersion: None
    experimentAuthor: None
    experimentRunTime: 2025_01_15 12:03 (Year_Month_Day Hour:Min)
    experimentRunTime.epoch: 1736903005
    experimentScript: MOTcircular.py
    experimentScript.digestSHA1: 9004cbe704f213499c83292c6860efaf24b13a80
    experimentScript.directory: C:\Users\HolcombeLab\Documents\MOTcircularClean-main
  #[[ System ]] #---------
    systemHaveInternetAccess: False (proxies not attempted)
    systemHostName: WDYK4NW1
    systemLocale: English_Australia.1252
    systemMemFreeRAM: 12606.7578125
    systemMemTotalRAM: 16338.5546875
    systemPlatform: windowsversion=sys.getwindowsversion(major=10, minor=0, build=19045, platform=2, service_pack='')
    systemRebooted: System Boot Time:          11/06/2024, 3:09:20 PM
    systemSec.pythonSSL: True
    systemTimeNumpySD1000000_sec: 0.0052
    systemUser: HolcombeLab
    systemUserID: 1000
    systemUserProcCmdPid: securityhealthservice.exe uhssvc.exe dwm.exe systemsettings.exe ccsvchst.exe searchindexer.exe jhi_service.exe tiworker.exe trustedinstaller.exe searchapp.exe sihost.exe sgrmbroker.exe fontdrvhost.exe pythonw.exe taskhostw.exe services.exe system msedge.exe atieclxx.exe sepwscsvc64.exe privacyiconclient.exe searchfilterhost.exe textinputhost.exe sisipsservice.exe logonexperthelper.exe microsoftedgeupdate.exe applicationframehost.exe fodhelper.exe useroobebroker.exe wmiprvse.exe mathworksservicehost-monitor.exe shellexperiencehost.exe rtdcpl64.exe onedrive.exe registry cafservicemain.exe armsvc.exe explorer.exe logonexpertservice.exe svchost.exe aggregatorhost.exe atiesrxx.exe smss.exe mousocoreworker.exe searchprotocolhost.exe mathworksservicehost.exe runtimebroker.exe 'system idle process' unsecapp.exe securityhealthsystray.exe sisipsutil.exe csrss.exe lsass.exe memcompression spoolsv.exe dllhost.exe wininit.exe audiodg.exe ctfmon.exe lms.exe winlogon.exe sisidsservice.exe startmenuexperiencehost.exe
    systemUserProcCount: 151
    systemUserProcFlagged: explorer.exe
    systemUsersCount: False
  #[[ Window ]] #---------
    windowWinType: pyglet
    windowWaitBlanking: False
    windowUseNativeGamma: True
    windowUnits: deg
    windowSize_pix: [800 600]
    windowScreen: 0
    windowRgb: [-1 -1 -1]
    windowRefreshTimeSD_ms: 0.165
    windowRefreshTimeMedian_ms: 10.012
    windowRefreshTimeAvg_ms: 10.012
    windowRefreshThreshold_sec: 0.0120
    windowRecordFrameIntervals: False
    windowPos_pix: (0, 0)
    windowMonitor.name: testMonitor
    windowMonitor.getWidth_cm: 38.0
    windowMonitor.getLinearizeMethod: 1
    windowMonitor.getGammaGrid: [[ 0.  1.  1. nan nan nan]
 [ 0.  1.  1. nan nan nan]
 [ 0.  1.  1. nan nan nan]
 [ 0.  1.  1. nan nan nan]]
    windowMonitor.getDistance_cm: 50.0
    windowMonitor.gammaInterpolator2: None
    windowMonitor.gammaInterpolator: None
    windowMonitor.currentCalibName: 2024_03_25 11:05
    windowIsFullScr: 1
    windowHaveShaders: True
    windowAllowGUI: False
  #[[ Python ]] #---------
    pythonWxVersion: 4.1.1 msw (phoenix) wxWidgets 3.1.5
    pythonVersion: 3.8.10
    pythonScipyVersion: 1.10.1
    pythonPygletVersion: 1.4.11
    pythonPygameVersion: 2.1.0
    pythonNumpyVersion: 1.24.4
    pythonMatplotlibVersion: 3.4.3
    pythonFullVersion: 3.8.10 (tags/v3.8.10:3d8993a, May  3 2021, 11:48:03) [MSC v.1928 64 bit (AMD64)]
    pythonExecutable: C:\Program Files\PsychoPy\pythonw.exe
  #[[ OpenGL ]] #---------
    openGLmaxVerticesInVertexArray: 536870911
    False: openGLext.GL_STEREO
    True: openGLext.GL_EXT_framebuffer_object
    True: openGLext.GL_ARB_vertex_shader
    True: openGLext.GL_ARB_texture_non_power_of_two
    True: openGLext.GL_ARB_texture_float
    True: openGLext.GL_ARB_shader_objects
    True: openGLext.GL_ARB_multitexture
    True: openGLext.GL_ARB_fragment_program
    openGLVersion: 4.6.13596 Compatibility Profile Context 20.10.35.02 27.20.1034.6
    openGLVendor: ATI Technologies Inc.
    openGLRenderingEngine: AMD Radeon (TM) R9 M360
#[ PsychoPy3 RuntimeInfoEnd ]

23.4882 	INFO 	gammaGrid=[[ 0.  1.  1. nan nan nan]
 [ 0.  1.  1. nan nan nan]
 [ 0.  1.  1. nan nan nan]
 [ 0.  1.  1. nan nan nan]]
23.4882 	INFO 	linearizeMethod=1
24.3422 	EXP 	Created sequence: random, trialTypes=40, nReps=3, seed=None
24.3439 	INFO 	starting exp with name: "TemporalFrequencyLimit" at 15Jan2025_12-03
24.3439 	INFO 	numtrials=120, trialDurMin= 2 trackVariableIntervMax= 2.5refreshRate=100.0
24.3439 	INFO 	cueRampUpDur=0 cueRampDownDur= 0 secs
24.3439 	INFO 	task=track   respType=order
24.3441 	INFO 	ring radii=[ 2.5  7.  15. ]
24.3441 	INFO 	drawingAsGrating=True gratingTexPix=1024 antialiasGrating=False
24.3482 	EXP 	New trial (rep=0, index=0): {'basicShape': 'circle', 'numObjectsInRing': 4, 'speed': [0.02, 0.1], 'initialDirRing0': -1, 'numTargets': 2, 'whichIsTargetEachRing': array([-999., -999., -999.]), 'ringToQuery': 999}
